<?xml version="1.0" encoding="UTF-8" ?>
<testsuites id="2026-06-08" name="report_2" tests="5" failures="0" skipped="0" flaky="0" time="0.000">
	<testsuite id="0" name="test_attributes_component" package="test/components" timestamp="2026-06-08T23:58:17" hostname="localhost" tests="2" failures="0" errors="0" skipped="0" flaky="0" time="0.589">
		<testcase name="test_abc_boosts" classname="test_attributes_component" time="0.017">
		</testcase>
		<testcase name="test_level_5_partial_boosts" classname="test_attributes_component" time="0.023">
		</testcase>
	</testsuite>
	<testsuite id="1" name="test_level_up_manager" package="test/core" timestamp="2026-06-08T23:58:18" hostname="localhost" tests="1" failures="0" errors="0" skipped="0" flaky="0" time="0.060">
		<testcase name="test_level_up_manager" classname="test_level_up_manager" time="0.040">
		</testcase>
	</testsuite>
	<testsuite id="2" name="test_prerequisite_engine" package="test/core" timestamp="2026-06-08T23:58:18" hostname="localhost" tests="2" failures="0" errors="0" skipped="0" flaky="0" time="0.091">
		<testcase name="test_ethnicity_requirements" classname="test_prerequisite_engine" time="0.025">
		</testcase>
		<testcase name="test_archetype_dedication_lock" classname="test_prerequisite_engine" time="0.019">
		</testcase>
	</testsuite>
</testsuites>
