<?xml version="1.0" encoding="UTF-8" ?>
<testsuites id="2026-06-08" name="report_3" tests="5" failures="0" skipped="0" flaky="0" time="0.000">
	<testsuite id="0" name="test_attributes_component" package="test/components" timestamp="2026-06-09T00:01:12" hostname="localhost" tests="2" failures="0" errors="0" skipped="0" flaky="0" time="0.546">
		<testcase name="test_abc_boosts" classname="test_attributes_component" time="0.016">
		</testcase>
		<testcase name="test_level_5_partial_boosts" classname="test_attributes_component" time="0.024">
		</testcase>
	</testsuite>
	<testsuite id="1" name="test_level_up_manager" package="test/core" timestamp="2026-06-09T00:01:13" hostname="localhost" tests="1" failures="0" errors="0" skipped="0" flaky="0" time="0.524">
		<testcase name="test_level_up_manager" classname="test_level_up_manager" time="0.049">
		</testcase>
	</testsuite>
	<testsuite id="2" name="test_prerequisite_engine" package="test/core" timestamp="2026-06-09T00:01:13" hostname="localhost" tests="2" failures="0" errors="0" skipped="0" flaky="0" time="0.548">
		<testcase name="test_ethnicity_requirements" classname="test_prerequisite_engine" time="0.043">
		</testcase>
		<testcase name="test_archetype_dedication_lock" classname="test_prerequisite_engine" time="0.023">
		</testcase>
	</testsuite>
</testsuites>
